<?xml version="1.0" encoding="UTF-8"?>
<!-- Generated by org.testng.reporters.JUnitReportReporter -->
<testsuite hostname="bjaiswal" failures="0" tests="9" name="com.demo.testcases.CkOutOverviewTest" time="201.500" errors="0" timestamp="2022-04-04T16:23:09 IST" skipped="3">
  <testcase classname="com.demo.testcases.CkOutOverviewTest" name="VerifyPaymentInformation" time="21.944">
    <skipped/>
  </testcase> <!-- VerifyPaymentInformation -->
  <system-out/>
  <testcase classname="com.demo.testcases.CkOutOverviewTest" name="VerifyclickOnFinish" time="22.858"/>
  <system-out/>
  <testcase classname="com.demo.testcases.CkOutOverviewTest" name="VerifyShippingInfo" time="23.544">
    <skipped/>
  </testcase> <!-- VerifyShippingInfo -->
  <system-out/>
  <testcase classname="com.demo.testcases.CkOutOverviewTest" name="VerifyTotalAmountInfo" time="21.739"/>
  <system-out/>
  <testcase classname="com.demo.testcases.CkOutOverviewTest" name="VerifyDeliveryNameInfo" time="23.648"/>
  <system-out/>
  <testcase classname="com.demo.testcases.CkOutOverviewTest" name="VerifyclickOnCancel" time="23.822">
    <skipped/>
  </testcase> <!-- VerifyclickOnCancel -->
  <system-out/>
  <testcase classname="com.demo.testcases.CkOutOverviewTest" name="VerifySauceCardPayment" time="20.779"/>
  <system-out/>
  <testcase classname="com.demo.testcases.CkOutOverviewTest" name="VerifycartQuantity" time="23.083"/>
  <system-out/>
  <testcase classname="com.demo.testcases.CkOutOverviewTest" name="VerifyInvITemName" time="20.083"/>
  <system-out/>
</testsuite> <!-- com.demo.testcases.CkOutOverviewTest -->
