<?xml version="1.0" encoding="UTF-8"?>
<!-- Generated by org.testng.reporters.JUnitReportReporter -->
<testsuite hostname="bjaiswal" failures="0" tests="4" name="com.demo.testcases.YourCartTest" time="80.301" errors="0" timestamp="2022-04-04T16:23:09 IST" skipped="0">
  <testcase classname="com.demo.testcases.YourCartTest" name="VerifyclickOnCheckout" time="20.213"/>
  <system-out/>
  <testcase classname="com.demo.testcases.YourCartTest" name="VerifyProductInCart" time="14.354"/>
  <system-out/>
  <testcase classname="com.demo.testcases.YourCartTest" name="VerifyclickOnContinueShopping" time="22.069"/>
  <system-out/>
  <testcase classname="com.demo.testcases.YourCartTest" name="VerifyclickOnRemove" time="23.665"/>
  <system-out/>
</testsuite> <!-- com.demo.testcases.YourCartTest -->
