<?xml version="1.0" encoding="UTF-8"?>
<!-- Generated by org.testng.reporters.JUnitReportReporter -->
<testsuite hostname="bjaiswal" failures="0" tests="7" name="com.demo.testcases.HomePageTest" time="74.750" errors="0" timestamp="2022-04-04T16:23:09 IST" skipped="0">
  <testcase classname="com.demo.testcases.HomePageTest" name="verifyClickOnAddToCart" time="14.259"/>
  <system-out/>
  <testcase classname="com.demo.testcases.HomePageTest" name="verifyProductPrice" time="10.257"/>
  <system-out/>
  <testcase classname="com.demo.testcases.HomePageTest" name="verifyLogo" time="10.903"/>
  <system-out/>
  <testcase classname="com.demo.testcases.HomePageTest" name="verifyTitle" time="8.024"/>
  <system-out/>
  <testcase classname="com.demo.testcases.HomePageTest" name="verifyProductImg" time="9.017"/>
  <system-out/>
  <testcase classname="com.demo.testcases.HomePageTest" name="verifyProductTitle" time="12.259"/>
  <system-out/>
  <testcase classname="com.demo.testcases.HomePageTest" name="verifyCurrentURL" time="10.031"/>
  <system-out/>
</testsuite> <!-- com.demo.testcases.HomePageTest -->
