<?xml version="1.0" encoding="UTF-8"?>
<!-- Generated by org.testng.reporters.JUnitReportReporter -->
<testsuite hostname="bjaiswal" failures="0" tests="2" name="com.demo.testcases.CheckoutTest" time="46.086" errors="0" timestamp="2022-04-04T16:23:09 IST" skipped="0">
  <testcase classname="com.demo.testcases.CheckoutTest" name="verifyCancelButton" time="22.323"/>
  <system-out/>
  <testcase classname="com.demo.testcases.CheckoutTest" name="verifyCheckoutUserCredInfo" time="23.763"/>
  <system-out/>
</testsuite> <!-- com.demo.testcases.CheckoutTest -->
