<?xml version="1.0" encoding="UTF-8"?>
<!-- Generated by org.testng.reporters.JUnitReportReporter -->
<testsuite hostname="bjaiswal" failures="0" tests="3" name="com.demo.testcases.CkOutCompleteTest" time="75.364" errors="0" timestamp="2022-04-04T16:23:09 IST" skipped="0">
  <testcase classname="com.demo.testcases.CkOutCompleteTest" name="VerifyPonyExpressImage" time="26.757"/>
  <system-out/>
  <testcase classname="com.demo.testcases.CkOutCompleteTest" name="VerifyThankUforOrderDispaly" time="24.503"/>
  <system-out/>
  <testcase classname="com.demo.testcases.CkOutCompleteTest" name="VerifyclickOnHomeButton" time="24.104"/>
  <system-out/>
</testsuite> <!-- com.demo.testcases.CkOutCompleteTest -->
